"../../../../../../Users/Owen/Documents/Unreal Projects/LudumDare_46/Content/Art/Materials/White.uasset" 0
"../../../../../../Users/Owen/Documents/Unreal Projects/LudumDare_46/Content/Art/White.uasset" 1
"../../../../../../Users/Owen/Documents/Unreal Projects/LudumDare_46/Content/Art/AAAAAAAAAAAAAAAAAAAAAAAAAAA.uasset" 2
"../../../../../../Users/Owen/Documents/Unreal Projects/LudumDare_46/Content/Art/Anim_FrobbertWalkFrobbertWalk_Skeleton.uasset" 3
"../../../../../../Users/Owen/Documents/Unreal Projects/LudumDare_46/Content/Art/Anim_FrobbertWalkFrobbertWalk_Anim.uasset" 4
"../../../../../../Users/Owen/Documents/Unreal Projects/LudumDare_46/Content/Art/Materials/Gray.uasset" 5
"../../../../../../Users/Owen/Documents/Unreal Projects/LudumDare_46/Content/Art/Gray.uasset" 6
"../../../../../../Users/Owen/Documents/Unreal Projects/LudumDare_46/Content/Art/Materials/PIXELATION.uasset" 7
"../../../../../../Users/Owen/Documents/Unreal Projects/LudumDare_46/Content/Art/PIXELATION.uasset" 8
"../../../../../../Users/Owen/Documents/Unreal Projects/LudumDare_46/Content/Art/Materials/PIXELATION_Inst.uasset" 9
"../../../../../../Users/Owen/Documents/Unreal Projects/LudumDare_46/Content/Art/PIXELATION_Inst.uasset" 10
"../../../../../../Users/Owen/Documents/Unreal Projects/LudumDare_46/Content/Art/Materials/Red.uasset" 11
"../../../../../../Users/Owen/Documents/Unreal Projects/LudumDare_46/Content/Art/Red.uasset" 12
"../../../../../../Users/Owen/Documents/Unreal Projects/LudumDare_46/Content/Art/SM_BreadPlantAliveOBS.uasset" 13
"../../../../../../Users/Owen/Documents/Unreal Projects/LudumDare_46/Content/Art/SM_BreadPlantAlive.uasset" 14
"../../../../../../Users/Owen/Documents/Unreal Projects/LudumDare_46/Content/Art/SM_BreadPlantDyingOBS.uasset" 15
"../../../../../../Users/Owen/Documents/Unreal Projects/LudumDare_46/Content/Art/SM_BreadPlantDying.uasset" 16
"../../../../../../Users/Owen/Documents/Unreal Projects/LudumDare_46/Content/Art/SM_BreadPlantFlooded.uasset" 17
"../../../../../../Users/Owen/Documents/Unreal Projects/LudumDare_46/Content/Art/SM_BreadPlantNeedsWater.uasset" 18
"../../../../../../Users/Owen/Documents/Unreal Projects/LudumDare_46/Content/Art/Materials/Sheet01.uasset" 19
"../../../../../../Users/Owen/Documents/Unreal Projects/LudumDare_46/Content/Art/Materials/Sheet01_Mat.uasset" 20
"../../../../../../Users/Owen/Documents/Unreal Projects/LudumDare_46/Content/Art/Materials/Sheet01_MatV2.uasset" 21
"../../../../../../Users/Owen/Documents/Unreal Projects/LudumDare_46/Content/Art/SM_BreadPlantNeutral.uasset" 22
"../../../Engine/Content/Functions/Engine_MaterialFunctions01/Opacity/CameraDepthFade.uasset" 23
"../../../Engine/Content/EngineMaterials/T_Default_Material_Grid_M.uasset" 24
"../../../Engine/Content/EngineMaterials/T_Default_Material_Grid_N.uasset" 25
"../../../Engine/Content/EngineMaterials/WorldGridMaterial.uasset" 26
"../../../../../../Users/Owen/Documents/Unreal Projects/LudumDare_46/Content/Art/SM_FrogTest.uasset" 27
"../../../../../../Users/Owen/Documents/Unreal Projects/LudumDare_46/Content/Art/Materials/WhiteNotSoWhite.uasset" 28
"../../../../../../Users/Owen/Documents/Unreal Projects/LudumDare_46/Content/Art/WhiteNotSoWhite.uasset" 29
"../../../../../../Users/Owen/Documents/Unreal Projects/LudumDare_46/Content/Art/Materials/Brown.uasset" 30
"../../../../../../Users/Owen/Documents/Unreal Projects/LudumDare_46/Content/Art/Materials/Eye.uasset" 31
"../../../../../../Users/Owen/Documents/Unreal Projects/LudumDare_46/Content/Art/Materials/Iris.uasset" 32
"../../../../../../Users/Owen/Documents/Unreal Projects/LudumDare_46/Content/Art/Materials/M_FaceCamera.uasset" 33
"../../../../../../Users/Owen/Documents/Unreal Projects/LudumDare_46/Content/Art/Materials/NewMaterial.uasset" 34
"../../../../../../Users/Owen/Documents/Unreal Projects/LudumDare_46/Content/Art/SM_FloorPiece01.uasset" 35
"../../../../../../Users/Owen/Documents/Unreal Projects/LudumDare_46/Content/Art/Materials/SM_FloorPiece01.uasset" 36
"../../../../../../Users/Owen/Documents/Unreal Projects/LudumDare_46/Content/Art/SM_FloorPiece02.uasset" 37
"../../../../../../Users/Owen/Documents/Unreal Projects/LudumDare_46/Content/Art/Materials/SM_FloorPiece02.uasset" 38
"../../../../../../Users/Owen/Documents/Unreal Projects/LudumDare_46/Content/Art/SM_FloorPiece03.uasset" 39
"../../../../../../Users/Owen/Documents/Unreal Projects/LudumDare_46/Content/Art/Materials/SM_FloorPiece03.uasset" 40
"../../../../../../Users/Owen/Documents/Unreal Projects/LudumDare_46/Content/Art/SM_LillyPad01.uasset" 41
"../../../../../../Users/Owen/Documents/Unreal Projects/LudumDare_46/Content/Art/Materials/SM_LillyPad01.uasset" 42
"../../../../../../Users/Owen/Documents/Unreal Projects/LudumDare_46/Content/Art/Materials/WaterSheetTex.uasset" 43
"../../../../../../Users/Owen/Documents/Unreal Projects/LudumDare_46/Content/Art/Materials/WaterSheet01.uasset" 44
"../../../../../../Users/Owen/Documents/Unreal Projects/LudumDare_46/Content/Art/SM_WaterFeature.uasset" 45
"../../../../../../Users/Owen/Documents/Unreal Projects/LudumDare_46/Content/Art/Materials/SM_WaterFeature.uasset" 46
"../../../../../../Users/Owen/Documents/Unreal Projects/LudumDare_46/Content/Art/SM_WateringCan.uasset" 47
"../../../../../../Users/Owen/Documents/Unreal Projects/LudumDare_46/Content/Art/Materials/SM_WateringCan.uasset" 48
"../../../../../../Users/Owen/Documents/Unreal Projects/LudumDare_46/Content/Art/Materials/WaterSheetMask.uasset" 49
"../../../../../../Users/Owen/Documents/Unreal Projects/LudumDare_46/Content/Art/Particles/SM_TriangleParticle.uasset" 50
"../../../../../../Users/Owen/Documents/Unreal Projects/LudumDare_46/Content/Blueprints/ENUMS/ENUM_PlantTypes.uasset" 51
"../../../../../../Users/Owen/Documents/Unreal Projects/LudumDare_46/Content/Blueprints/ENUM_PlantTypes.uasset" 52
"../../../Engine/Content/EditorBlueprintResources/StandardMacros.uasset" 53
"../../../../../../Users/Owen/Documents/Unreal Projects/LudumDare_46/Content/Blueprints/STRUCTS/STRUCT_HarvestedPlant_Inventory.uasset" 54
"../../../../../../Users/Owen/Documents/Unreal Projects/LudumDare_46/Content/Font/Fipps-Regular.uasset" 55
"../../../../../../Users/Owen/Documents/Unreal Projects/LudumDare_46/Content/Font/Fipps-Regular_Font.uasset" 56
"../../../../../../Users/Owen/Documents/Unreal Projects/LudumDare_46/Content/Blueprints/UI/BP_Text.uasset" 57
"../../../../../../Users/Owen/Documents/Unreal Projects/LudumDare_46/Content/Blueprints/UI/WBP_Currency.uasset" 58
"../../../../../../Users/Owen/Documents/Unreal Projects/LudumDare_46/Content/Blueprints/UI/WBP_DayCounter.uasset" 59
"../../../../../../Users/Owen/Documents/Unreal Projects/LudumDare_46/Content/Art/UI/UI_BlockColour.uasset" 60
"../../../../../../Users/Owen/Documents/Unreal Projects/LudumDare_46/Content/Blueprints/UI/WBP_SingleInventoryItem.uasset" 61
"../../../../../../Users/Owen/Documents/Unreal Projects/LudumDare_46/Content/Blueprints/UI/WBP_Inventory.uasset" 62
"../../../../../../Users/Owen/Documents/Unreal Projects/LudumDare_46/Content/Blueprints/UI/WBP_SeedInventory.uasset" 63
"../../../../../../Users/Owen/Documents/Unreal Projects/LudumDare_46/Content/Blueprints/UI/WBP_SeedSelector.uasset" 64
"../../../../../../Users/Owen/Documents/Unreal Projects/LudumDare_46/Content/Blueprints/UI/WBP_HUD.uasset" 65
"../../../../../../Users/Owen/Documents/Unreal Projects/LudumDare_46/Content/Blueprints/Directors/BP_InventoryDirector.uasset" 66
"../../../../../../Users/Owen/Documents/Unreal Projects/LudumDare_46/Content/Blueprints/GameInstance/BP_GameInstance.uasset" 67
"../../../../../../Users/Owen/Documents/Unreal Projects/LudumDare_46/Content/Blueprints/Directors/BP_FamilyDirector.uasset" 68
"../../../../../../Users/Owen/Documents/Unreal Projects/LudumDare_46/Content/Blueprints/STRUCTS/STRUCT_PlantMeshes.uasset" 69
"../../../../../../Users/Owen/Documents/Unreal Projects/LudumDare_46/Content/Art/Materials/SM_BreadPlant.uasset" 70
"../../../../../../Users/Owen/Documents/Unreal Projects/LudumDare_46/Content/Art/SM_BreadPlant.uasset" 71
"../../../../../../Users/Owen/Documents/Unreal Projects/LudumDare_46/Content/Art/SM_BreadPlantDead.uasset" 72
"../../../../../../Users/Owen/Documents/Unreal Projects/LudumDare_46/Content/Art/SM_BreadPlantDehydrated.uasset" 73
"../../../../../../Users/Owen/Documents/Unreal Projects/LudumDare_46/Content/Art/SM_FlyTrapDead.uasset" 74
"../../../../../../Users/Owen/Documents/Unreal Projects/LudumDare_46/Content/Art/SM_FlyTrapDehydrated.uasset" 75
"../../../../../../Users/Owen/Documents/Unreal Projects/LudumDare_46/Content/Art/SM_FlyTrapNeutral.uasset" 76
"../../../../../../Users/Owen/Documents/Unreal Projects/LudumDare_46/Content/Art/SM_GrubShrubDead.uasset" 77
"../../../../../../Users/Owen/Documents/Unreal Projects/LudumDare_46/Content/Art/SM_GrubShrubDehydrated.uasset" 78
"../../../../../../Users/Owen/Documents/Unreal Projects/LudumDare_46/Content/Art/SM_GrubShrubNeutral.uasset" 79
"../../../../../../Users/Owen/Documents/Unreal Projects/LudumDare_46/Content/Blueprints/STRUCTS/DT_PlantMeshes.uasset" 80
"../../../../../../Users/Owen/Documents/Unreal Projects/LudumDare_46/Content/Art/UI/UI_Button.uasset" 81
"../../../../../../Users/Owen/Documents/Unreal Projects/LudumDare_46/Content/Sound/SFX/Frobert_Button_Hover.uasset" 82
"../../../../../../Users/Owen/Documents/Unreal Projects/LudumDare_46/Content/Sound/SFX/Frobert_Button_Press.uasset" 83
"../../../../../../Users/Owen/Documents/Unreal Projects/LudumDare_46/Content/Blueprints/UI/BP_Button.uasset" 84
"../../../../../../Users/Owen/Documents/Unreal Projects/LudumDare_46/Content/Art/UI/UI_PortraitsChild.uasset" 85
"../../../../../../Users/Owen/Documents/Unreal Projects/LudumDare_46/Content/Art/UI/UI_PortraitsWife.uasset" 86
"../../../../../../Users/Owen/Documents/Unreal Projects/LudumDare_46/Content/Blueprints/UI/EndOFDay/WBP_FamilyMemberStatus.uasset" 87
"../../../../../../Users/Owen/Documents/Unreal Projects/LudumDare_46/Content/Blueprints/UI/EndOFDay/WBP_EndOfDay.uasset" 88
"../../../../../../Users/Owen/Documents/Unreal Projects/LudumDare_46/Content/Blueprints/Directors/BP_TimeDirector.uasset" 89
"../../../../../../Users/Owen/Documents/Unreal Projects/LudumDare_46/Content/Art/UI/T_Dead.uasset" 90
"../../../../../../Users/Owen/Documents/Unreal Projects/LudumDare_46/Content/Art/UI/T_Dehydrated.uasset" 91
"../../../../../../Users/Owen/Documents/Unreal Projects/LudumDare_46/Content/Art/UI/T_Flooded.uasset" 92
"../../../../../../Users/Owen/Documents/Unreal Projects/LudumDare_46/Content/Art/UI/T_Ready.uasset" 93
"../../../../../../Users/Owen/Documents/Unreal Projects/LudumDare_46/Content/Blueprints/ENUMS/ENUM_WateredStates.uasset" 94
"../../../../../../Users/Owen/Documents/Unreal Projects/LudumDare_46/Content/Blueprints/UI/Plants/WBP_WateringStates.uasset" 95
"../../../../../../Users/Owen/Documents/Unreal Projects/LudumDare_46/Content/Art/Materials/MI_Water.uasset" 96
"../../../../../../Users/Owen/Documents/Unreal Projects/LudumDare_46/Content/Art/Particles/SM_SquareParticle.uasset" 97
"../../../../../../Users/Owen/Documents/Unreal Projects/LudumDare_46/Content/ParticleSystems/PS_Dripping.uasset" 98
"../../../../../../Users/Owen/Documents/Unreal Projects/LudumDare_46/Content/Blueprints/Plants/Parent/BP_PlantParent.uasset" 99
"../../../../../../Users/Owen/Documents/Unreal Projects/LudumDare_46/Content/Blueprints/Plant/Parent/BP_PlantParent.uasset" 100
"../../../../../../Users/Owen/Documents/Unreal Projects/LudumDare_46/Content/Font/8-BIT_WONDER.uasset" 101
"../../../../../../Users/Owen/Documents/Unreal Projects/LudumDare_46/Content/Font/8-BIT_WONDER_Font.uasset" 102
"../../../../../../Users/Owen/Documents/Unreal Projects/LudumDare_46/Content/Font/Pixeled.uasset" 103
"../../../../../../Users/Owen/Documents/Unreal Projects/LudumDare_46/Content/Font/Pixeled_Font.uasset" 104
"../../../../../../Users/Owen/Documents/Unreal Projects/LudumDare_46/Content/Font/PixelFont.uasset" 105
"../../../../../../Users/Owen/Documents/Unreal Projects/LudumDare_46/Content/Font/PixelFont_Font.uasset" 106
"../../../Engine/Content/BasicShapes/BasicShapeMaterial.uasset" 107
"../../../../../../Users/Owen/Documents/Unreal Projects/LudumDare_46/Content/Meshes/SM_Cube.uasset" 108
"../../../../../../Users/Owen/Documents/Unreal Projects/LudumDare_46/Content/Sound/SFX/Frboert_Planting_1.uasset" 109
"../../../../../../Users/Owen/Documents/Unreal Projects/LudumDare_46/Content/Sound/Frboert_Planting_1.uasset" 110
"../../../../../../Users/Owen/Documents/Unreal Projects/LudumDare_46/Content/Sound/SFX/Frboert_Planting_2.uasset" 111
"../../../../../../Users/Owen/Documents/Unreal Projects/LudumDare_46/Content/Sound/Frboert_Planting_2.uasset" 112
"../../../../../../Users/Owen/Documents/Unreal Projects/LudumDare_46/Content/Sound/SFX/Frboert_Planting_3.uasset" 113
"../../../../../../Users/Owen/Documents/Unreal Projects/LudumDare_46/Content/Sound/Frboert_Planting_3.uasset" 114
"../../../../../../Users/Owen/Documents/Unreal Projects/LudumDare_46/Content/Sound/SFX/Frboert_Planting_4.uasset" 115
"../../../../../../Users/Owen/Documents/Unreal Projects/LudumDare_46/Content/Sound/Frboert_Planting_4.uasset" 116
"../../../../../../Users/Owen/Documents/Unreal Projects/LudumDare_46/Content/Sound/Frobert_Button_Hover.uasset" 117
"../../../../../../Users/Owen/Documents/Unreal Projects/LudumDare_46/Content/Sound/Frobert_Button_Press.uasset" 118
"../../../../../../Users/Owen/Documents/Unreal Projects/LudumDare_46/Content/Sound/SFX/Frobert_Harvesting_1.uasset" 119
"../../../../../../Users/Owen/Documents/Unreal Projects/LudumDare_46/Content/Sound/Frobert_Harvesting_1.uasset" 120
"../../../../../../Users/Owen/Documents/Unreal Projects/LudumDare_46/Content/Sound/SFX/Frobert_Harvesting_2.uasset" 121
"../../../../../../Users/Owen/Documents/Unreal Projects/LudumDare_46/Content/Sound/Frobert_Harvesting_2.uasset" 122
"../../../../../../Users/Owen/Documents/Unreal Projects/LudumDare_46/Content/Sound/SFX/Frobert_Harvesting_3.uasset" 123
"../../../../../../Users/Owen/Documents/Unreal Projects/LudumDare_46/Content/Sound/Frobert_Harvesting_3.uasset" 124
"../../../../../../Users/Owen/Documents/Unreal Projects/LudumDare_46/Content/Sound/SFX/Frobert_Harvesting_4.uasset" 125
"../../../../../../Users/Owen/Documents/Unreal Projects/LudumDare_46/Content/Sound/Frobert_Harvesting_4.uasset" 126
"../../../../../../Users/Owen/Documents/Unreal Projects/LudumDare_46/Content/Sound/SFX/Frobert_Plant_Switch.uasset" 127
"../../../../../../Users/Owen/Documents/Unreal Projects/LudumDare_46/Content/Sound/Frobert_Plant_Switch.uasset" 128
"../../../../../../Users/Owen/Documents/Unreal Projects/LudumDare_46/Content/Sound/SFX/Frobert_Selling.uasset" 129
"../../../../../../Users/Owen/Documents/Unreal Projects/LudumDare_46/Content/Sound/Frobert_Selling.uasset" 130
"../../../../../../Users/Owen/Documents/Unreal Projects/LudumDare_46/Content/Sound/SFX/Frobert_Shop_Open.uasset" 131
"../../../../../../Users/Owen/Documents/Unreal Projects/LudumDare_46/Content/Sound/Frobert_Shop_Open.uasset" 132
"../../../../../../Users/Owen/Documents/Unreal Projects/LudumDare_46/Content/Sound/SFX/Frobert_Walk_1.uasset" 133
"../../../../../../Users/Owen/Documents/Unreal Projects/LudumDare_46/Content/Sound/Frobert_Walk_1.uasset" 134
"../../../../../../Users/Owen/Documents/Unreal Projects/LudumDare_46/Content/Sound/SFX/Frobert_Walk_2.uasset" 135
"../../../../../../Users/Owen/Documents/Unreal Projects/LudumDare_46/Content/Sound/Frobert_Walk_2.uasset" 136
"../../../../../../Users/Owen/Documents/Unreal Projects/LudumDare_46/Content/Sound/SFX/Frobert_Walk_3.uasset" 137
"../../../../../../Users/Owen/Documents/Unreal Projects/LudumDare_46/Content/Sound/Frobert_Walk_3.uasset" 138
"../../../../../../Users/Owen/Documents/Unreal Projects/LudumDare_46/Content/Sound/SFX/Frobert_Walk_4.uasset" 139
"../../../../../../Users/Owen/Documents/Unreal Projects/LudumDare_46/Content/Sound/Frobert_Walk_4.uasset" 140
"../../../../../../Users/Owen/Documents/Unreal Projects/LudumDare_46/Content/Sound/SFX/Frobert_Walk_5.uasset" 141
"../../../../../../Users/Owen/Documents/Unreal Projects/LudumDare_46/Content/Sound/Frobert_Walk_5.uasset" 142
"../../../../../../Users/Owen/Documents/Unreal Projects/LudumDare_46/Content/Sound/SFX/Frobert_Waterfall.uasset" 143
"../../../../../../Users/Owen/Documents/Unreal Projects/LudumDare_46/Content/Sound/Frobert_Waterfall.uasset" 144
"../../../../../../Users/Owen/Documents/Unreal Projects/LudumDare_46/Content/Sound/SFX/Frobert_Watering_1.uasset" 145
"../../../../../../Users/Owen/Documents/Unreal Projects/LudumDare_46/Content/Sound/Frobert_Watering_1.uasset" 146
"../../../../../../Users/Owen/Documents/Unreal Projects/LudumDare_46/Content/Sound/SFX/Frobert_Watering_2.uasset" 147
"../../../../../../Users/Owen/Documents/Unreal Projects/LudumDare_46/Content/Sound/Frobert_Watering_2.uasset" 148
"../../../../../../Users/Owen/Documents/Unreal Projects/LudumDare_46/Content/Sound/Music/Hop_To_It_LOOP_Master.uasset" 149
"../../../../../../Users/Owen/Documents/Unreal Projects/LudumDare_46/Content/Sound/Music/CUE_LOOP.uasset" 150
"../../../../../../Users/Owen/Documents/Unreal Projects/LudumDare_46/Content/Sound/TEST/fx.uasset" 151
"../../../../../../Users/Owen/Documents/Unreal Projects/LudumDare_46/Content/Sound/TEST/NewSoundCue.uasset" 152
"../../../Engine/Content/Animation/DefaultAnimCurveCompressionSettings.uasset" 153
"../../../Engine/Content/ArtTools/RenderToTexture/Meshes/S_1_Unit_Plane.uasset" 154
"../../../Engine/Content/EngineMaterials/DefaultMaterial.uasset" 155
"../../../Engine/Content/BasicShapes/Cone.uasset" 156
"../../../Engine/Content/BasicShapes/Cylinder.uasset" 157
"../../../Engine/Content/BasicShapes/Sphere.uasset" 158
"../../../Engine/Content/EditorLandscapeResources/DataLayer.uasset" 159
"../../../Engine/Content/EditorMaterials/GizmoMaterial.uasset" 160
"../../../Engine/Content/EditorMaterials/MAT_Groups_Toggle.uasset" 161
"../../../Engine/Content/EditorMaterials/MAT_Groups_Visibility.uasset" 162
"../../../Engine/Content/EditorMaterials/PreviewShadowIndicator.uasset" 163
"../../../Engine/Content/EditorMaterials/PreviewShadowIndicatorMaterial.uasset" 164
"../../../Engine/Content/EditorMaterials/MatineeGroups/MAT_ColorTrack.uasset" 165
"../../../Engine/Content/EditorMaterials/MatineeGroups/MAT_Groups_Anim.uasset" 166
"../../../Engine/Content/EditorMaterials/MatineeGroups/MAT_Groups_AudioMaster.uasset" 167
"../../../Engine/Content/EditorMaterials/MatineeGroups/MAT_Groups_Director.uasset" 168
"../../../Engine/Content/EditorMaterials/MatineeGroups/MAT_Groups_Event.uasset" 169
"../../../Engine/Content/EditorMaterials/MatineeGroups/MAT_Groups_Fade.uasset" 170
"../../../Engine/Content/EditorMaterials/MatineeGroups/MAT_Groups_Float.uasset" 171
"../../../Engine/Content/EditorMaterials/MatineeGroups/MAT_Groups_Move.uasset" 172
"../../../Engine/Content/EditorMaterials/MatineeGroups/MAT_Groups_Slomo.uasset" 173
"../../../Engine/Content/EditorMaterials/MatineeGroups/MAT_Groups_Sound.uasset" 174
"../../../Engine/Content/EditorMaterials/MatineeGroups/MAT_Groups_Vector.uasset" 175
"../../../Engine/Content/EditorMaterials/ParticleSystems/PSysThumbnail_NoImage.uasset" 176
"../../../Engine/Content/EditorMaterials/ParticleSystems/PSysThumbnail_OOD.uasset" 177
"../../../Engine/Content/EditorMaterials/Camera/CineMat.uasset" 178
"../../../Engine/Content/EditorMaterials/Camera/MI_CineMat_Rig.uasset" 179
"../../../Engine/Content/EditorMeshes/Camera/SM_CraneRig_Arm.uasset" 180
"../../../Engine/Content/EditorMeshes/Camera/SM_CraneRig_Base.uasset" 181
"../../../Engine/Content/EditorMeshes/Camera/SM_CraneRig_Body.uasset" 182
"../../../Engine/Content/EditorMeshes/Camera/SM_CraneRig_Mount.uasset" 183
"../../../Engine/Content/EditorMeshes/Camera/SM_RailRig_Mount.uasset" 184
"../../../Engine/Content/EditorMeshes/Camera/SM_RailRig_Track.uasset" 185
"../../../Engine/Content/EditorResources/BSPVertex.uasset" 186
"../../../Engine/Content/EditorResources/EmptyActor.uasset" 187
"../../../Engine/Content/EditorResources/S_Actor.uasset" 188
"../../../Engine/Content/EditorResources/S_Note.uasset" 189
"../../../Engine/Content/EditorResources/S_Solver.uasset" 190
"../../../Engine/Content/EditorResources/S_Trigger.uasset" 191
"../../../Engine/Content/EditorResources/AudioIcons/S_AudioComponent_AutoActivate.uasset" 192
"../../../Engine/Content/EditorResources/LightIcons/S_LightError.uasset" 193
"../../../Engine/Content/EditorResources/SequenceRecorder/Countdown.uasset" 194
"../../../Engine/Content/EditorResources/SequenceRecorder/RecordingIndicator.uasset" 195
"../../../Engine/Content/EditorSounds/Notifications/CompileFailed.uasset" 196
"../../../Engine/Content/EditorSounds/Notifications/CompileFailed_Cue.uasset" 197
"../../../Engine/Content/EditorSounds/Notifications/CompileSuccess.uasset" 198
"../../../Engine/Content/EditorSounds/Notifications/CompileStart_Cue.uasset" 199
"../../../Engine/Content/EditorSounds/Notifications/CompileSuccess_Cue.uasset" 200
"../../../Engine/Content/EngineDamageTypes/DmgTypeBP_Environmental.uasset" 201
"../../../Engine/Content/EngineDebugMaterials/HeatmapGradient.uasset" 202
"../../../Engine/Content/EngineDebugMaterials/BoneWeightMaterial.uasset" 203
"../../../Engine/Content/EngineDebugMaterials/ClothMaterial.uasset" 204
"../../../Engine/Content/EngineDebugMaterials/ClothMaterial_WF.uasset" 205
"../../../Engine/Content/EngineDebugMaterials/DebugEditorMaterial.uasset" 206
"../../../Engine/Content/EngineDebugMaterials/DebugMeshMaterial.uasset" 207
"../../../Engine/Content/EngineDebugMaterials/GeomMaterial.uasset" 208
"../../../Engine/Content/EngineDebugMaterials/M_SimpleTranslucent.uasset" 209
"../../../Engine/Content/Functions/Engine_MaterialFunctions02/Utility/CameraDirectionVector.uasset" 210
"../../../Engine/Content/EngineDebugMaterials/VolumeToRender.uasset" 211
"../../../Engine/Content/EngineDebugMaterials/M_VolumeRenderSphereTracePP.uasset" 212
"../../../Engine/Content/EngineDebugMaterials/WireframeMaterial.uasset" 213
"../../../Engine/Content/EngineFonts/Faces/RobotoBold.uasset" 214
"../../../Engine/Content/EngineFonts/Faces/RobotoBoldItalic.uasset" 215
"../../../Engine/Content/EngineFonts/Faces/RobotoItalic.uasset" 216
"../../../Engine/Content/EngineFonts/Faces/RobotoLight.uasset" 217
"../../../Engine/Content/EngineFonts/Faces/RobotoRegular.uasset" 218
"../../../Engine/Content/EngineFonts/Roboto.uasset" 219
"../../../Engine/Content/EngineMaterials/BaseFlattenDiffuseMap.uasset" 220
"../../../Engine/Content/EngineMaterials/BaseFlattenEmissiveMap.uasset" 221
"../../../Engine/Content/EngineMaterials/BaseFlattenGrayscaleMap.uasset" 222
"../../../Engine/Content/EngineMaterials/BaseFlattenNormalMap.uasset" 223
"../../../Engine/Content/EngineMaterials/BaseFlattenMaterial.uasset" 224
"../../../Engine/Content/EngineMaterials/BlueNoise.uasset" 225
"../../../Engine/Content/EngineMaterials/DefaultBloomKernel.uasset" 226
"../../../Engine/Content/EngineMaterials/DefaultBokeh.uasset" 227
"../../../Engine/Content/EngineMaterials/DefaultDiffuse.uasset" 228
"../../../Engine/Content/EngineMaterials/DefaultDeferredDecalMaterial.uasset" 229
"../../../Engine/Content/EngineMaterials/DefaultLightFunctionMaterial.uasset" 230
"../../../Engine/Content/EngineMaterials/DefaultPhysicalMaterial.uasset" 231
"../../../Engine/Content/Functions/Engine_MaterialFunctions02/Utility/BreakOutFloat2Components.uasset" 232
"../../../Engine/Content/EngineMaterials/DefaultPostProcessMaterial.uasset" 233
"../../../Engine/Content/EngineFonts/RobotoDistanceField.uasset" 234
"../../../Engine/Content/EngineMaterials/DefaultTextMaterialOpaque.uasset" 235
"../../../Engine/Content/EngineMaterials/DefaultVirtualTextureMaterial.uasset" 236
"../../../Engine/Content/EngineMaterials/DefaultWhiteGrid.uasset" 237
"../../../Engine/Content/EngineMaterials/EditorBrushMaterial.uasset" 238
"../../../Engine/Content/EngineMaterials/DefaultWhiteGrid_Low.uasset" 239
"../../../Engine/Content/EngineMaterials/EmissiveMeshMaterial.uasset" 240
"../../../Engine/Content/EngineMaterials/Good64x64TilingNoiseHighFreq.uasset" 241
"../../../Engine/Content/EngineMaterials/MiniFont.uasset" 242
"../../../Engine/Content/EngineMaterials/InvalidLightmapSettings.uasset" 243
"../../../Engine/Content/EngineMaterials/M_InvalidLightmapSettings.uasset" 244
"../../../Engine/Content/Functions/Engine_MaterialFunctions02/WorldPositionOffset/CameraOffset.uasset" 245
"../../../Engine/Content/EngineMaterials/PhAT_JointLimitMaterial.uasset" 246
"../../../Engine/Content/EngineMaterials/PreintegratedSkinBRDF.uasset" 247
"../../../Engine/Content/EngineMaterials/RemoveSurfaceMaterial.uasset" 248
"../../../Engine/Content/EngineMaterials/WeightMapPlaceholderTexture.uasset" 249
"../../../Engine/Content/EngineResources/WhiteSquareTexture.uasset" 250
"../../../Engine/Content/EngineMaterials/Widget3DPassThrough.uasset" 251
"../../../Engine/Content/EngineMaterials/Widget3DPassThrough_Masked.uasset" 252
"../../../Engine/Content/EngineMaterials/Widget3DPassThrough_Opaque.uasset" 253
"../../../Engine/Content/EngineMaterials/Widget3DPassThrough_Masked_OneSided.uasset" 254
"../../../Engine/Content/EngineMaterials/Widget3DPassThrough_Opaque_OneSided.uasset" 255
"../../../Engine/Content/EngineMaterials/Widget3DPassThrough_Translucent.uasset" 256
"../../../Engine/Content/EngineMaterials/Widget3DPassThrough_Translucent_OneSided.uasset" 257
"../../../Engine/Content/EngineMeshes/Cylinder.uasset" 258
"../../../Engine/Content/EngineMeshes/Sphere.uasset" 259
"../../../Engine/Content/EngineResources/Black.uasset" 260
"../../../Engine/Content/EngineResources/DefaultTextureCube.uasset" 261
"../../../Engine/Content/EngineResources/DefaultVolumeTexture2D.uasset" 262
"../../../Engine/Content/EngineResources/DefaultVolumeTexture.uasset" 263
"../../../Engine/Content/EngineResources/GradientTexture0.uasset" 264
"../../../Engine/Content/EngineSounds/Master.uasset" 265
"../../../Engine/Content/Functions/Engine_MaterialFunctions01/Shading/ConvertFromDiffSpec.uasset" 266
"../../../Engine/Content/Functions/Engine_MaterialFunctions01/Shading/PowerToRoughness.uasset" 267
"../../../Engine/Content/Maps/Templates/Thumbnails/Default.uasset" 268
"../../../Engine/Content/Maps/Templates/Thumbnails/VR-Basic.uasset" 269
"../../../Engine/Content/MobileResources/T_MobileControls_texture.uasset" 270
"../../../Engine/Content/MobileResources/T_MobileMenu2.uasset" 271
"../../../Engine/Content/MobileResources/HUD/AnalogHat.uasset" 272
"../../../Engine/Content/MobileResources/HUD/VirtualJoystick_Background.uasset" 273
"../../../Engine/Content/MobileResources/HUD/VirtualJoystick_Thumb.uasset" 274
"../../../Engine/Content/MobileResources/HUD/DefaultVirtualJoysticks.uasset" 275
"../../../Engine/Content/MobileResources/HUD/LeftVirtualJoystickOnly.uasset" 276
"../../../Engine/Content/MobileResources/HUD/MobileHUDButton1_off.uasset" 277
"../../../Engine/Content/MobileResources/HUD/MobileHUDButton1_on.uasset" 278
"../../../Engine/Content/MobileResources/HUD/MobileHUDButton2_off.uasset" 279
"../../../Engine/Content/MobileResources/HUD/MobileHUDButton2_on.uasset" 280
"../../../Engine/Content/MobileResources/HUD/MobileHUDButton3.uasset" 281
"../../../Engine/Content/MobileResources/HUD/MobileHUDButtonFire.uasset" 282
"../../../Engine/Content/MobileResources/HUD/MobileHUDDirectionPad.uasset" 283
"../../../Engine/Content/MobileResources/HUD/MobileHUDDirectionPad2.uasset" 284
"../../../Engine/Content/MobileResources/HUD/MobileHUDDirectionPad3.uasset" 285
"../../../Engine/Content/MobileResources/HUD/MobileHUDDirectionStick.uasset" 286
"../../../Engine/Content/MobileResources/HUD/T_Castle_ThumbstickInner.uasset" 287
"../../../Engine/Content/MobileResources/HUD/T_Castle_ThumbstickOutter.uasset" 288
"../../../Engine/Content/Tutorial/ContentIntroCurve.uasset" 289
"../../../Engine/Content/Tutorial/Basics/LevelEditorAttract.uasset" 290
"../../../Engine/Content/Tutorial/Basics/TutorialAssets/icon_tab_Levels_40x.uasset" 291
"../../../Engine/Content/Tutorial/Basics/LevelEditorOverview.uasset" 292
"../../../Engine/Content/VREditor/LaserPointer/VR_LaserPower_01.uasset" 293
"../../../Engine/Content/VREditor/TransformGizmo/TransformGizmoMaterial.uasset" 294
"../../../Engine/Content/VREditor/TransformGizmo/TranslucentTransformGizmoMaterial.uasset" 295
"../../../Engine/Content/VREditor/TransformGizmo/BoundingBoxCorner.uasset" 296
"../../../Engine/Content/VREditor/TransformGizmo/BoundingBoxEdge.uasset" 297
"../../../Engine/Content/VREditor/TransformGizmo/PlaneTranslationHandle.uasset" 298
"../../../Engine/Content/VREditor/TransformGizmo/Main.uasset" 299
"../../../Engine/Content/VREditor/TransformGizmo/Xray.uasset" 300
"../../../Engine/Content/VREditor/TransformGizmo/SM_Sequencer_Key.uasset" 301
"../../../Engine/Content/VREditor/TransformGizmo/SM_Sequencer_Node.uasset" 302
"../../Plugins/2D/Paper2D/Content/PlaceholderTextures/DummySpriteTexture.uasset" 303
"../../Plugins/2D/Paper2D/Content/DummySprite.uasset" 304
"../../Plugins/2D/Paper2D/Content/DefaultPaperTerrainMaterial.uasset" 305
"../../Plugins/2D/Paper2D/Content/DummySpriteTexture.uasset" 306
"../../Plugins/2D/Paper2D/Content/DefaultSpriteMaterial.uasset" 307
"../../Plugins/2D/Paper2D/Content/MaskedUnlitSpriteMaterial.uasset" 308
"../../Plugins/2D/Paper2D/Content/OpaqueUnlitSpriteMaterial.uasset" 309
"../../Plugins/Runtime/Oculus/OculusVR/Content/OculusMR_RenderTarget.uasset" 310
"../../../Engine/Content/Functions/Engine_MaterialFunctions02/Utility/BreakOutFloat4Components.uasset" 311
"../../../Engine/Content/Functions/Engine_MaterialFunctions02/Utility/MakeFloat2.uasset" 312
"../../../Engine/Content/Functions/Engine_MaterialFunctions02/Utility/MakeFloat3.uasset" 313
"../../Plugins/Runtime/Oculus/OculusVR/Content/Materials/OculusMR_ChromaKey.uasset" 314
"../../Plugins/Runtime/Oculus/OculusVR/Content/Materials/OculusMR_ChromaKey_Lit.uasset" 315
"../../Plugins/Runtime/Oculus/OculusVR/Content/Materials/OculusMR_OpaqueColoredMaterial.uasset" 316
"../../Plugins/Runtime/Oculus/OculusVR/Content/Materials/OculusMR_WhiteMaterial.uasset" 317
"../../../../../../Users/Owen/Documents/Unreal Projects/LudumDare_46/Content/Sound/SFX/CUE_Harvest.uasset" 318
"../../../../../../Users/Owen/Documents/Unreal Projects/LudumDare_46/Content/Art/Anim/Anim_FrobbertPick.uasset" 319
"../../../../../../Users/Owen/Documents/Unreal Projects/LudumDare_46/Content/Sound/SFX/CUE_Planting.uasset" 320
"../../../../../../Users/Owen/Documents/Unreal Projects/LudumDare_46/Content/Art/Anim/Anim_FrobbertPlant.uasset" 321
"../../../../../../Users/Owen/Documents/Unreal Projects/LudumDare_46/Content/Sound/SFX/CUE_Watering.uasset" 322
"../../../../../../Users/Owen/Documents/Unreal Projects/LudumDare_46/Content/Art/Anim/Anim_FrobbertWateringCan.uasset" 323
"../../../../../../Users/Owen/Documents/Unreal Projects/LudumDare_46/Content/Art/Anim/Anim_FrobbertIdle.uasset" 324
"../../../../../../Users/Owen/Documents/Unreal Projects/LudumDare_46/Content/ParticleSystems/PS_Footsteps.uasset" 325
"../../../../../../Users/Owen/Documents/Unreal Projects/LudumDare_46/Content/Sound/SFX/CUE_Walk.uasset" 326
"../../../../../../Users/Owen/Documents/Unreal Projects/LudumDare_46/Content/Art/Anim/Anim_FrobbertWalkFrobbertWalk_Anim_RE.uasset" 327
"../../../../../../Users/Owen/Documents/Unreal Projects/LudumDare_46/Content/Blueprints/Player/Animation/BlendSpace_Walk.uasset" 328
"../../../../../../Users/Owen/Documents/Unreal Projects/LudumDare_46/Content/Blueprints/Player/Animation/AnimBP_Frobert.uasset" 329
"../../../../../../Users/Owen/Documents/Unreal Projects/LudumDare_46/Content/Meshes/SM_Placeholder_Fence.uasset" 330
"../../../../../../Users/Owen/Documents/Unreal Projects/LudumDare_46/Content/Blueprints/BP_Boundary.uasset" 331
"../../../../../../Users/Owen/Documents/Unreal Projects/LudumDare_46/Content/Art/Materials/Green.uasset" 332
"../../../../../../Users/Owen/Documents/Unreal Projects/LudumDare_46/Content/Blueprints/BP_PlantingFreeZone.uasset" 333
"../../../../../../Users/Owen/Documents/Unreal Projects/LudumDare_46/Content/Art/Materials/Sheet02.uasset" 334
"../../../../../../Users/Owen/Documents/Unreal Projects/LudumDare_46/Content/Art/Materials/Sheet02_Mat.uasset" 335
"../../../../../../Users/Owen/Documents/Unreal Projects/LudumDare_46/Content/Art/Anim_FrobbertWalkFrobbertWalk_PhysicsAsset.uasset" 336
"../../../../../../Users/Owen/Documents/Unreal Projects/LudumDare_46/Content/Art/Anim_FrobbertWalkFrobbertWalk.uasset" 337
"../../../../../../Users/Owen/Documents/Unreal Projects/LudumDare_46/Content/Art/UI/UI_Menu.uasset" 338
"../../../../../../Users/Owen/Documents/Unreal Projects/LudumDare_46/Content/Art/UI/Tutorial/Plant_Plants.uasset" 339
"../../../../../../Users/Owen/Documents/Unreal Projects/LudumDare_46/Content/Art/UI/Tutorial/Plant_Ready.uasset" 340
"../../../../../../Users/Owen/Documents/Unreal Projects/LudumDare_46/Content/Art/UI/Tutorial/Shop.uasset" 341
"../../../../../../Users/Owen/Documents/Unreal Projects/LudumDare_46/Content/Art/UI/Tutorial/Water_Plants.uasset" 342
"../../../../../../Users/Owen/Documents/Unreal Projects/LudumDare_46/Content/Blueprints/UI/MainMenu/WBP_Controls.uasset" 343
"../../../../../../Users/Owen/Documents/Unreal Projects/LudumDare_46/Content/Blueprints/UI/MainMenu/WBP_MainMenu.uasset" 344
"../../../../../../Users/Owen/Documents/Unreal Projects/LudumDare_46/Content/ParticleSystems/PS_Watering.uasset" 345
"../../../../../../Users/Owen/Documents/Unreal Projects/LudumDare_46/Content/Sound/SFX/Frobert_Rejected.uasset" 346
"../../../../../../Users/Owen/Documents/Unreal Projects/LudumDare_46/Content/Sound/SFX/CUE_UnableToPlant.uasset" 347
"../../../../../../Users/Owen/Documents/Unreal Projects/LudumDare_46/Content/Blueprints/Player/BP_Player.uasset" 348
"../../../../../../Users/Owen/Documents/Unreal Projects/LudumDare_46/Content/Blueprints/Sounds/BP_SoundPlayer.uasset" 349
"../../../../../../Users/Owen/Documents/Unreal Projects/LudumDare_46/Content/Sound/Music/CUE_HopToItMusic.uasset" 350
"../../../../../../Users/Owen/Documents/Unreal Projects/LudumDare_46/Content/Sound/Music/Hop_To_It_Master.uasset" 351
"../../../../../../Users/Owen/Documents/Unreal Projects/LudumDare_46/Content/Blueprints/Directors/BP_MusicDirector.uasset" 352
"../../../../../../Users/Owen/Documents/Unreal Projects/LudumDare_46/Content/Art/SM_Shop.uasset" 353
"../../../../../../Users/Owen/Documents/Unreal Projects/LudumDare_46/Content/Blueprints/UI/Shop/WBP_SellButton.uasset" 354
"../../../../../../Users/Owen/Documents/Unreal Projects/LudumDare_46/Content/Sound/SFX/CUE_Selling.uasset" 355
"../../../../../../Users/Owen/Documents/Unreal Projects/LudumDare_46/Content/Blueprints/UI/Shop/WBP_ShopPrices.uasset" 356
"../../../../../../Users/Owen/Documents/Unreal Projects/LudumDare_46/Content/Blueprints/UI/Shop/WBP_BuyButton.uasset" 357
"../../../../../../Users/Owen/Documents/Unreal Projects/LudumDare_46/Content/Blueprints/UI/Shop/WBP_ShopMenu.uasset" 358
"../../../../../../Users/Owen/Documents/Unreal Projects/LudumDare_46/Content/Sound/SFX/CUE_ShopOpen.uasset" 359
"../../../../../../Users/Owen/Documents/Unreal Projects/LudumDare_46/Content/Blueprints/Shop/BP_Shop.uasset" 360
"../../../../../../Users/Owen/Documents/Unreal Projects/LudumDare_46/Content/Art/Materials/GrassTexture.uasset" 361
"../../../../../../Users/Owen/Documents/Unreal Projects/LudumDare_46/Content/Art/Materials/GrassTextureMat.uasset" 362
"../../../../../../Users/Owen/Documents/Unreal Projects/LudumDare_46/Content/Art/Materials/Quantizing.uasset" 363
"../../../../../../Users/Owen/Documents/Unreal Projects/LudumDare_46/Content/Art/Materials/Sheet01Foliage_Mat.uasset" 364
"../../../Engine/Content/EngineResources/DefaultTexture.uasset" 365
"../../../Engine/Content/Functions/Engine_MaterialFunctions03/Texturing/WorldCoordinate3Way.uasset" 366
"../../../../../../Users/Owen/Documents/Unreal Projects/LudumDare_46/Content/Art/Materials/Gradient.uasset" 367
"../../../../../../Users/Owen/Documents/Unreal Projects/LudumDare_46/Content/Art/Materials/Sheet01Grass.uasset" 368
"../../../../../../Users/Owen/Documents/Unreal Projects/LudumDare_46/Content/Art/Materials/WaterSheet02.uasset" 369
"../../../../../../Users/Owen/Documents/Unreal Projects/LudumDare_46/Content/Art/Materials/Blue.uasset" 370
"../../../../../../Users/Owen/Documents/Unreal Projects/LudumDare_46/Content/Art/Materials/Shadow.uasset" 371
"../../../../../../Users/Owen/Documents/Unreal Projects/LudumDare_46/Content/Art/Materials/ShadowEdited.uasset" 372
"../../../Engine/Content/BasicShapes/Cube.uasset" 373
"../../../Engine/Content/BasicShapes/Plane.uasset" 374
"../../../../../../Users/Owen/Documents/Unreal Projects/LudumDare_46/Content/Art/SM_GrassBlade01.uasset" 375
"../../../../../../Users/Owen/Documents/Unreal Projects/LudumDare_46/Content/Art/SM_GrassBlade02.uasset" 376
"../../../../../../Users/Owen/Documents/Unreal Projects/LudumDare_46/Content/Art/SM_GrassBlade03.uasset" 377
"../../../../../../Users/Owen/Documents/Unreal Projects/LudumDare_46/Content/Art/SM_Rock01.uasset" 378
"../../../../../../Users/Owen/Documents/Unreal Projects/LudumDare_46/Content/Art/SM_Rock02.uasset" 379
"../../../../../../Users/Owen/Documents/Unreal Projects/LudumDare_46/Content/Art/SM_Rock03.uasset" 380
"../../../../../../Users/Owen/Documents/Unreal Projects/LudumDare_46/Content/Art/SM_Rock04.uasset" 381
"../../../../../../Users/Owen/Documents/Unreal Projects/LudumDare_46/Content/Art/TEMPSKY.uasset" 382
"../../../../../../Users/Owen/Documents/Unreal Projects/LudumDare_46/Content/Art/Materials/Water.uasset" 383
"../../../../../../Users/Owen/Documents/Unreal Projects/LudumDare_46/Content/ParticleSystems/PS_Waterfall.uasset" 384
"../../../../../../Users/Owen/Documents/Unreal Projects/LudumDare_46/Content/Sound/SFX/CUE_Waterfall.uasset" 385
"../../../../../../Users/Owen/Documents/Unreal Projects/LudumDare_46/Content/Maps/Map_Farm.umap" 386
"../../../../../../Users/Owen/Documents/Unreal Projects/LudumDare_46/Content/Maps/Map_MainMenu.umap" 387
"../../../Engine/Content/EngineSky/C_Sky_Cloud_Color.uasset" 388
"../../../Engine/Content/EngineSky/C_Sky_Horizon_Color.uasset" 389
"../../../Engine/Content/EngineSky/C_Sky_Zenith_Color.uasset" 390
"../../../Engine/Content/EngineSky/T_Sky_Blue.uasset" 391
"../../../Engine/Content/EngineSky/T_Sky_Clouds_M.uasset" 392
"../../../Engine/Content/EngineSky/T_Sky_Stars.uasset" 393
"../../../Engine/Content/EngineSky/M_Sky_Panning_Clouds2.uasset" 394
"../../../Engine/Content/EngineSky/SM_SkySphere.uasset" 395
"../../../Engine/Content/EngineSky/BP_Sky_Sphere.uasset" 396
"../../../../../../Users/Owen/Documents/Unreal Projects/LudumDare_46/Content/Maps/Map_NULL_BuiltData.uasset" 397
"../../../Engine/Content/MapTemplates/SM_Template_Map_Floor.uasset" 398
"../../../../../../Users/Owen/Documents/Unreal Projects/LudumDare_46/Content/Maps/Map_NULL.umap" 399
"../../../../../../Users/Owen/Documents/Unreal Projects/LudumDare_46/Content/Maps/Map_OwensLevel.umap" 400
"../../../../../../Users/Owen/Documents/Unreal Projects/LudumDare_46/Content/ParticleSystems/PS_Crying.uasset" 401
"../../../../../../Users/Owen/Documents/Unreal Projects/LudumDare_46/Content/Blueprints/Player/Animation/BP_FrobertCrying.uasset" 402
"../../../../../../Users/Owen/Documents/Unreal Projects/LudumDare_46/Content/Art/SM_GraveStone01.uasset" 403
"../../../../../../Users/Owen/Documents/Unreal Projects/LudumDare_46/Content/Art/SM_GraveStone02.uasset" 404
"../../../../../../Users/Owen/Documents/Unreal Projects/LudumDare_46/Content/Art/SM_GraveStone03.uasset" 405
"../../../../../../Users/Owen/Documents/Unreal Projects/LudumDare_46/Content/Blueprints/UI/GameOver/WBP_GameOverScreen.uasset" 406
"../../../../../../Users/Owen/Documents/Unreal Projects/LudumDare_46/Content/Maps/Map_RobertSobert.umap" 407
"../../../../../../Users/Owen/Documents/Unreal Projects/LudumDare_46/Content/Art/ArtTest.umap" 408
"../../../Engine/Content/Maps/Entry_BuiltData.uasset" 409
"../../../Engine/Content/Maps/Entry.umap" 410
